2025-08-10 20:50:27 [main] INFO  api.test.UserTest - ===========Creating User=============
2025-08-10 20:50:31 [main] INFO  api.test.UserTest - ============Created User==============
2025-08-10 20:50:31 [main] INFO  api.test.UserTest - ==============Updating Data===========
2025-08-10 20:50:33 [main] INFO  api.test.UserTest - ==============Updated Data===========
2025-08-10 20:50:33 [main] INFO  api.test.UserTest - ==============Fetching Data===========
2025-08-10 20:50:34 [main] INFO  api.test.UserTest - ==============Data Feteched=================
2025-08-10 20:50:34 [main] INFO  api.test.UserTest - ==============Deleting Data===========
2025-08-10 20:50:36 [main] INFO  api.test.UserTest - ==============Data Deleted===========
2025-08-10 21:03:45 [main] INFO  api.test.UserTest - ===========Creating User=============
2025-08-10 21:03:48 [main] INFO  api.test.UserTest - ============Created User==============
2025-08-10 21:03:48 [main] INFO  api.test.UserTest - ==============Updating Data===========
2025-08-10 21:03:51 [main] INFO  api.test.UserTest - ==============Fetching Data===========
2025-08-10 21:03:52 [main] INFO  api.test.UserTest - ==============Deleting Data===========
2025-08-10 21:03:53 [main] INFO  api.test.UserTest - ==============Data Deleted===========
2025-08-10 21:04:33 [main] INFO  api.test.UserTest - ===========Creating User=============
2025-08-10 21:04:37 [main] INFO  api.test.UserTest - ============Created User==============
2025-08-10 21:04:37 [main] INFO  api.test.UserTest - ==============Updating Data===========
2025-08-10 21:04:39 [main] INFO  api.test.UserTest - ==============Fetching Data===========
2025-08-10 21:04:40 [main] INFO  api.test.UserTest - ==============Deleting Data===========
2025-08-10 21:04:41 [main] INFO  api.test.UserTest - ==============Data Deleted===========
2025-08-10 21:05:30 [main] INFO  api.test.UserTest - ===========Creating User=============
2025-08-10 21:05:34 [main] INFO  api.test.UserTest - ============Created User==============
2025-08-10 21:05:34 [main] INFO  api.test.UserTest - ==============Updating Data===========
2025-08-10 21:05:36 [main] INFO  api.test.UserTest - ==============Fetching Data===========
2025-08-10 21:05:38 [main] INFO  api.test.UserTest - ==============Data Feteched=================
2025-08-10 21:05:38 [main] INFO  api.test.UserTest - ==============Deleting Data===========
2025-08-10 21:06:05 [main] INFO  api.test.UserTest - ===========Creating User=============
2025-08-10 21:06:09 [main] INFO  api.test.UserTest - ============Created User==============
2025-08-10 21:06:09 [main] INFO  api.test.UserTest - ==============Updating Data===========
2025-08-10 21:06:11 [main] INFO  api.test.UserTest - ==============Updated Data===========
2025-08-10 21:06:11 [main] INFO  api.test.UserTest - ==============Fetching Data===========
2025-08-10 21:06:12 [main] INFO  api.test.UserTest - ==============Data Feteched=================
2025-08-10 21:06:12 [main] INFO  api.test.UserTest - ==============Deleting Data===========
2025-08-10 21:06:13 [main] INFO  api.test.UserTest - ==============Data Deleted===========
2025-08-10 21:15:38 [main] INFO  api.test.UserTest - ===========Creating User=============
2025-08-10 21:15:42 [main] INFO  api.test.UserTest - ============Created User==============
2025-08-10 21:15:42 [main] INFO  api.test.UserTest - ==============Updating Data===========
2025-08-10 21:15:44 [main] INFO  api.test.UserTest - ==============Updated Data===========
2025-08-10 21:15:44 [main] INFO  api.test.UserTest - ==============Fetching Data===========
2025-08-10 21:15:45 [main] INFO  api.test.UserTest - ==============Data Feteched=================
2025-08-10 21:15:45 [main] INFO  api.test.UserTest - ==============Deleting Data===========
2025-08-10 21:17:17 [main] INFO  api.test.UserTest - ===========Creating User=============
2025-08-10 21:17:20 [main] INFO  api.test.UserTest - ============Created User==============
2025-08-10 21:17:20 [main] INFO  api.test.UserTest - ==============Updating Data===========
2025-08-10 21:17:23 [main] INFO  api.test.UserTest - ==============Fetching Data===========
2025-08-10 21:17:24 [main] INFO  api.test.UserTest - ==============Deleting Data===========
2025-08-10 21:17:49 [main] INFO  api.test.UserTest - ===========Creating User=============
2025-08-10 21:17:52 [main] INFO  api.test.UserTest - ============Created User==============
2025-08-10 21:17:52 [main] INFO  api.test.UserTest - ==============Updating Data===========
2025-08-10 21:17:55 [main] INFO  api.test.UserTest - ==============Updated Data===========
2025-08-10 21:17:55 [main] INFO  api.test.UserTest - ==============Fetching Data===========
2025-08-10 21:17:56 [main] INFO  api.test.UserTest - ==============Data Feteched=================
2025-08-10 21:17:56 [main] INFO  api.test.UserTest - ==============Deleting Data===========
2025-08-10 21:17:57 [main] INFO  api.test.UserTest - ==============Data Deleted===========
